[15-Aug-2019 20:31:55 UTC] PHP Warning:  include(app.php): failed to open stream: No such file or directory in C:\Winginx\home\mavimovil\public_html\index.php on line 37
[15-Aug-2019 20:31:55 UTC] PHP Warning:  include(): Failed opening 'app.php' for inclusion (include_path='.;C:\php\pear') in C:\Winginx\home\mavimovil\public_html\index.php on line 37
[15-Aug-2019 20:33:22 UTC] PHP Warning:  include(app.php): failed to open stream: No such file or directory in C:\Winginx\home\mavimovil\public_html\index.php on line 37
[15-Aug-2019 20:33:22 UTC] PHP Warning:  include(): Failed opening 'app.php' for inclusion (include_path='.;C:\php\pear') in C:\Winginx\home\mavimovil\public_html\index.php on line 37
[15-Aug-2019 20:33:58 UTC] PHP Warning:  include(app.php): failed to open stream: No such file or directory in C:\Winginx\home\mavimovil\public_html\index.php on line 37
[15-Aug-2019 20:33:58 UTC] PHP Warning:  include(): Failed opening 'app.php' for inclusion (include_path='.;C:\php\pear') in C:\Winginx\home\mavimovil\public_html\index.php on line 37
[15-Aug-2019 20:34:22 UTC] PHP Warning:  include(app.php): failed to open stream: No such file or directory in C:\Winginx\home\mavimovil\public_html\index.php on line 37
[15-Aug-2019 20:34:22 UTC] PHP Warning:  include(): Failed opening 'app.php' for inclusion (include_path='.;C:\php\pear') in C:\Winginx\home\mavimovil\public_html\index.php on line 37
[15-Aug-2019 20:34:50 UTC] PHP Warning:  include(app.php): failed to open stream: No such file or directory in C:\Winginx\home\mavimovil\public_html\index.php on line 37
[15-Aug-2019 20:34:50 UTC] PHP Warning:  include(): Failed opening 'app.php' for inclusion (include_path='.;C:\php\pear') in C:\Winginx\home\mavimovil\public_html\index.php on line 37
[15-Aug-2019 20:35:05 UTC] PHP Warning:  include(app.php): failed to open stream: No such file or directory in C:\Winginx\home\mavimovil\public_html\index.php on line 37
[15-Aug-2019 20:35:05 UTC] PHP Warning:  include(): Failed opening 'app.php' for inclusion (include_path='.;C:\php\pear') in C:\Winginx\home\mavimovil\public_html\index.php on line 37
[15-Aug-2019 20:35:21 UTC] PHP Warning:  include(app.php): failed to open stream: No such file or directory in C:\Winginx\home\mavimovil\public_html\index.php on line 37
[15-Aug-2019 20:35:21 UTC] PHP Warning:  include(): Failed opening 'app.php' for inclusion (include_path='.;C:\php\pear') in C:\Winginx\home\mavimovil\public_html\index.php on line 37
[15-Aug-2019 20:35:23 UTC] PHP Warning:  include(app.php): failed to open stream: No such file or directory in C:\Winginx\home\mavimovil\public_html\index.php on line 37
[15-Aug-2019 20:35:23 UTC] PHP Warning:  include(): Failed opening 'app.php' for inclusion (include_path='.;C:\php\pear') in C:\Winginx\home\mavimovil\public_html\index.php on line 37
[15-Aug-2019 20:36:41 UTC] PHP Warning:  include(app.php): failed to open stream: No such file or directory in C:\Winginx\home\mavimovil\public_html\index.php on line 37
[15-Aug-2019 20:36:41 UTC] PHP Warning:  include(): Failed opening 'app.php' for inclusion (include_path='.;C:\php\pear') in C:\Winginx\home\mavimovil\public_html\index.php on line 37
[15-Aug-2019 20:36:52 UTC] PHP Warning:  include(app.php): failed to open stream: No such file or directory in C:\Winginx\home\mavimovil\public_html\index.php on line 37
[15-Aug-2019 20:36:52 UTC] PHP Warning:  include(): Failed opening 'app.php' for inclusion (include_path='.;C:\php\pear') in C:\Winginx\home\mavimovil\public_html\index.php on line 37
[15-Aug-2019 20:37:02 UTC] PHP Warning:  include(app.php): failed to open stream: No such file or directory in C:\Winginx\home\mavimovil\public_html\index.php on line 37
[15-Aug-2019 20:37:02 UTC] PHP Warning:  include(): Failed opening 'app.php' for inclusion (include_path='.;C:\php\pear') in C:\Winginx\home\mavimovil\public_html\index.php on line 37
[15-Aug-2019 20:37:15 UTC] PHP Warning:  include(app.php): failed to open stream: No such file or directory in C:\Winginx\home\mavimovil\public_html\index.php on line 37
[15-Aug-2019 20:37:15 UTC] PHP Warning:  include(): Failed opening 'app.php' for inclusion (include_path='.;C:\php\pear') in C:\Winginx\home\mavimovil\public_html\index.php on line 37
[15-Aug-2019 20:37:43 UTC] PHP Warning:  include(app.php): failed to open stream: No such file or directory in C:\Winginx\home\mavimovil\public_html\index.php on line 37
[15-Aug-2019 20:37:43 UTC] PHP Warning:  include(): Failed opening 'app.php' for inclusion (include_path='.;C:\php\pear') in C:\Winginx\home\mavimovil\public_html\index.php on line 37
[15-Aug-2019 20:38:02 UTC] PHP Warning:  include(app.php): failed to open stream: No such file or directory in C:\Winginx\home\mavimovil\public_html\index.php on line 37
[15-Aug-2019 20:38:02 UTC] PHP Warning:  include(): Failed opening 'app.php' for inclusion (include_path='.;C:\php\pear') in C:\Winginx\home\mavimovil\public_html\index.php on line 37
[15-Aug-2019 20:38:09 UTC] PHP Warning:  include(app.php): failed to open stream: No such file or directory in C:\Winginx\home\mavimovil\public_html\index.php on line 37
[15-Aug-2019 20:38:09 UTC] PHP Warning:  include(): Failed opening 'app.php' for inclusion (include_path='.;C:\php\pear') in C:\Winginx\home\mavimovil\public_html\index.php on line 37
[15-Aug-2019 20:38:29 UTC] PHP Warning:  include(app.php): failed to open stream: No such file or directory in C:\Winginx\home\mavimovil\public_html\index.php on line 37
[15-Aug-2019 20:38:29 UTC] PHP Warning:  include(): Failed opening 'app.php' for inclusion (include_path='.;C:\php\pear') in C:\Winginx\home\mavimovil\public_html\index.php on line 37
[15-Aug-2019 20:39:32 UTC] PHP Warning:  include(app.php): failed to open stream: No such file or directory in C:\Winginx\home\mavimovil\public_html\index.php on line 37
[15-Aug-2019 20:39:32 UTC] PHP Warning:  include(): Failed opening 'app.php' for inclusion (include_path='.;C:\php\pear') in C:\Winginx\home\mavimovil\public_html\index.php on line 37
[15-Aug-2019 20:41:15 UTC] PHP Warning:  include(app.php): failed to open stream: No such file or directory in C:\Winginx\home\mavimovil\public_html\index.php on line 37
[15-Aug-2019 20:41:15 UTC] PHP Warning:  include(): Failed opening 'app.php' for inclusion (include_path='.;C:\php\pear') in C:\Winginx\home\mavimovil\public_html\index.php on line 37
[15-Aug-2019 20:42:05 UTC] PHP Warning:  include(app.php): failed to open stream: No such file or directory in C:\Winginx\home\mavimovil\public_html\index.php on line 37
[15-Aug-2019 20:42:05 UTC] PHP Warning:  include(): Failed opening 'app.php' for inclusion (include_path='.;C:\php\pear') in C:\Winginx\home\mavimovil\public_html\index.php on line 37
[15-Aug-2019 20:42:41 UTC] PHP Warning:  include(app.php): failed to open stream: No such file or directory in C:\Winginx\home\mavimovil\public_html\index.php on line 37
[15-Aug-2019 20:42:41 UTC] PHP Warning:  include(): Failed opening 'app.php' for inclusion (include_path='.;C:\php\pear') in C:\Winginx\home\mavimovil\public_html\index.php on line 37
[15-Aug-2019 20:42:51 UTC] PHP Warning:  include(app.php): failed to open stream: No such file or directory in C:\Winginx\home\mavimovil\public_html\index.php on line 37
[15-Aug-2019 20:42:51 UTC] PHP Warning:  include(): Failed opening 'app.php' for inclusion (include_path='.;C:\php\pear') in C:\Winginx\home\mavimovil\public_html\index.php on line 37
[15-Aug-2019 20:43:02 UTC] PHP Warning:  include(app.php): failed to open stream: No such file or directory in C:\Winginx\home\mavimovil\public_html\index.php on line 37
[15-Aug-2019 20:43:02 UTC] PHP Warning:  include(): Failed opening 'app.php' for inclusion (include_path='.;C:\php\pear') in C:\Winginx\home\mavimovil\public_html\index.php on line 37
[15-Aug-2019 20:43:33 UTC] PHP Warning:  include(app.php): failed to open stream: No such file or directory in C:\Winginx\home\mavimovil\public_html\index.php on line 37
[15-Aug-2019 20:43:33 UTC] PHP Warning:  include(): Failed opening 'app.php' for inclusion (include_path='.;C:\php\pear') in C:\Winginx\home\mavimovil\public_html\index.php on line 37
[15-Aug-2019 20:43:48 UTC] PHP Warning:  include(app.php): failed to open stream: No such file or directory in C:\Winginx\home\mavimovil\public_html\index.php on line 37
[15-Aug-2019 20:43:48 UTC] PHP Warning:  include(): Failed opening 'app.php' for inclusion (include_path='.;C:\php\pear') in C:\Winginx\home\mavimovil\public_html\index.php on line 37
[15-Aug-2019 20:43:59 UTC] PHP Warning:  include(app.php): failed to open stream: No such file or directory in C:\Winginx\home\mavimovil\public_html\index.php on line 37
[15-Aug-2019 20:43:59 UTC] PHP Warning:  include(): Failed opening 'app.php' for inclusion (include_path='.;C:\php\pear') in C:\Winginx\home\mavimovil\public_html\index.php on line 37
[15-Aug-2019 20:44:00 UTC] PHP Warning:  include(app.php): failed to open stream: No such file or directory in C:\Winginx\home\mavimovil\public_html\index.php on line 37
[15-Aug-2019 20:44:00 UTC] PHP Warning:  include(): Failed opening 'app.php' for inclusion (include_path='.;C:\php\pear') in C:\Winginx\home\mavimovil\public_html\index.php on line 37
[15-Aug-2019 20:44:10 UTC] PHP Warning:  include(app.php): failed to open stream: No such file or directory in C:\Winginx\home\mavimovil\public_html\index.php on line 37
[15-Aug-2019 20:44:10 UTC] PHP Warning:  include(): Failed opening 'app.php' for inclusion (include_path='.;C:\php\pear') in C:\Winginx\home\mavimovil\public_html\index.php on line 37
[15-Aug-2019 20:44:45 UTC] PHP Warning:  include(app.php): failed to open stream: No such file or directory in C:\Winginx\home\mavimovil\public_html\index.php on line 37
[15-Aug-2019 20:44:45 UTC] PHP Warning:  include(): Failed opening 'app.php' for inclusion (include_path='.;C:\php\pear') in C:\Winginx\home\mavimovil\public_html\index.php on line 37
[15-Aug-2019 20:44:57 UTC] PHP Warning:  include(app.php): failed to open stream: No such file or directory in C:\Winginx\home\mavimovil\public_html\index.php on line 37
[15-Aug-2019 20:44:57 UTC] PHP Warning:  include(): Failed opening 'app.php' for inclusion (include_path='.;C:\php\pear') in C:\Winginx\home\mavimovil\public_html\index.php on line 37
[15-Aug-2019 20:45:06 UTC] PHP Warning:  include(app.php): failed to open stream: No such file or directory in C:\Winginx\home\mavimovil\public_html\index.php on line 37
[15-Aug-2019 20:45:06 UTC] PHP Warning:  include(): Failed opening 'app.php' for inclusion (include_path='.;C:\php\pear') in C:\Winginx\home\mavimovil\public_html\index.php on line 37
[15-Aug-2019 20:45:22 UTC] PHP Warning:  include(app.php): failed to open stream: No such file or directory in C:\Winginx\home\mavimovil\public_html\index.php on line 37
[15-Aug-2019 20:45:22 UTC] PHP Warning:  include(): Failed opening 'app.php' for inclusion (include_path='.;C:\php\pear') in C:\Winginx\home\mavimovil\public_html\index.php on line 37
[15-Aug-2019 20:45:29 UTC] PHP Warning:  include(app.php): failed to open stream: No such file or directory in C:\Winginx\home\mavimovil\public_html\index.php on line 37
[15-Aug-2019 20:45:29 UTC] PHP Warning:  include(): Failed opening 'app.php' for inclusion (include_path='.;C:\php\pear') in C:\Winginx\home\mavimovil\public_html\index.php on line 37
[15-Aug-2019 20:45:37 UTC] PHP Warning:  include(app.php): failed to open stream: No such file or directory in C:\Winginx\home\mavimovil\public_html\index.php on line 37
[15-Aug-2019 20:45:37 UTC] PHP Warning:  include(): Failed opening 'app.php' for inclusion (include_path='.;C:\php\pear') in C:\Winginx\home\mavimovil\public_html\index.php on line 37
[15-Aug-2019 20:45:46 UTC] PHP Warning:  include(app.php): failed to open stream: No such file or directory in C:\Winginx\home\mavimovil\public_html\index.php on line 37
[15-Aug-2019 20:45:46 UTC] PHP Warning:  include(): Failed opening 'app.php' for inclusion (include_path='.;C:\php\pear') in C:\Winginx\home\mavimovil\public_html\index.php on line 37
[15-Aug-2019 20:45:58 UTC] PHP Warning:  include(app.php): failed to open stream: No such file or directory in C:\Winginx\home\mavimovil\public_html\index.php on line 37
[15-Aug-2019 20:45:58 UTC] PHP Warning:  include(): Failed opening 'app.php' for inclusion (include_path='.;C:\php\pear') in C:\Winginx\home\mavimovil\public_html\index.php on line 37
[15-Aug-2019 20:46:15 UTC] PHP Warning:  include(app.php): failed to open stream: No such file or directory in C:\Winginx\home\mavimovil\public_html\index.php on line 37
[15-Aug-2019 20:46:15 UTC] PHP Warning:  include(): Failed opening 'app.php' for inclusion (include_path='.;C:\php\pear') in C:\Winginx\home\mavimovil\public_html\index.php on line 37
[15-Aug-2019 20:46:36 UTC] PHP Warning:  include(app.php): failed to open stream: No such file or directory in C:\Winginx\home\mavimovil\public_html\index.php on line 37
[15-Aug-2019 20:46:36 UTC] PHP Warning:  include(): Failed opening 'app.php' for inclusion (include_path='.;C:\php\pear') in C:\Winginx\home\mavimovil\public_html\index.php on line 37
[15-Aug-2019 20:48:54 UTC] PHP Warning:  include(plataformas.php): failed to open stream: No such file or directory in C:\Winginx\home\mavimovil\public_html\index.php on line 41
[15-Aug-2019 20:48:54 UTC] PHP Warning:  include(): Failed opening 'plataformas.php' for inclusion (include_path='.;C:\php\pear') in C:\Winginx\home\mavimovil\public_html\index.php on line 41
[15-Aug-2019 20:52:38 UTC] PHP Warning:  include(plataformas.php): failed to open stream: No such file or directory in C:\Winginx\home\mavimovil\public_html\index.php on line 41
[15-Aug-2019 20:52:38 UTC] PHP Warning:  include(): Failed opening 'plataformas.php' for inclusion (include_path='.;C:\php\pear') in C:\Winginx\home\mavimovil\public_html\index.php on line 41
[15-Aug-2019 20:52:38 UTC] PHP Warning:  include(plataformas.php): failed to open stream: No such file or directory in C:\Winginx\home\mavimovil\public_html\index.php on line 41
[15-Aug-2019 20:52:38 UTC] PHP Warning:  include(): Failed opening 'plataformas.php' for inclusion (include_path='.;C:\php\pear') in C:\Winginx\home\mavimovil\public_html\index.php on line 41
[15-Aug-2019 20:52:38 UTC] PHP Warning:  include(plataformas.php): failed to open stream: No such file or directory in C:\Winginx\home\mavimovil\public_html\index.php on line 41
[15-Aug-2019 20:52:38 UTC] PHP Warning:  include(): Failed opening 'plataformas.php' for inclusion (include_path='.;C:\php\pear') in C:\Winginx\home\mavimovil\public_html\index.php on line 41
[15-Aug-2019 20:53:08 UTC] PHP Warning:  include(plataformas.php): failed to open stream: No such file or directory in C:\Winginx\home\mavimovil\public_html\index.php on line 41
[15-Aug-2019 20:53:08 UTC] PHP Warning:  include(): Failed opening 'plataformas.php' for inclusion (include_path='.;C:\php\pear') in C:\Winginx\home\mavimovil\public_html\index.php on line 41
[15-Aug-2019 20:53:08 UTC] PHP Warning:  include(plataformas.php): failed to open stream: No such file or directory in C:\Winginx\home\mavimovil\public_html\index.php on line 41
[15-Aug-2019 20:53:08 UTC] PHP Warning:  include(): Failed opening 'plataformas.php' for inclusion (include_path='.;C:\php\pear') in C:\Winginx\home\mavimovil\public_html\index.php on line 41
[15-Aug-2019 20:53:08 UTC] PHP Warning:  include(plataformas.php): failed to open stream: No such file or directory in C:\Winginx\home\mavimovil\public_html\index.php on line 41
[15-Aug-2019 20:53:08 UTC] PHP Warning:  include(): Failed opening 'plataformas.php' for inclusion (include_path='.;C:\php\pear') in C:\Winginx\home\mavimovil\public_html\index.php on line 41
[15-Aug-2019 20:57:12 UTC] PHP Warning:  include(plataformas.php): failed to open stream: No such file or directory in C:\Winginx\home\mavimovil\public_html\index.php on line 41
[15-Aug-2019 20:57:12 UTC] PHP Warning:  include(): Failed opening 'plataformas.php' for inclusion (include_path='.;C:\php\pear') in C:\Winginx\home\mavimovil\public_html\index.php on line 41
[15-Aug-2019 20:57:12 UTC] PHP Warning:  include(plataformas.php): failed to open stream: No such file or directory in C:\Winginx\home\mavimovil\public_html\index.php on line 41
[15-Aug-2019 20:57:12 UTC] PHP Warning:  include(): Failed opening 'plataformas.php' for inclusion (include_path='.;C:\php\pear') in C:\Winginx\home\mavimovil\public_html\index.php on line 41
[15-Aug-2019 20:57:12 UTC] PHP Warning:  include(plataformas.php): failed to open stream: No such file or directory in C:\Winginx\home\mavimovil\public_html\index.php on line 41
[15-Aug-2019 20:57:12 UTC] PHP Warning:  include(): Failed opening 'plataformas.php' for inclusion (include_path='.;C:\php\pear') in C:\Winginx\home\mavimovil\public_html\index.php on line 41
[15-Aug-2019 21:00:08 UTC] PHP Warning:  include(plataformas.php): failed to open stream: No such file or directory in C:\Winginx\home\mavimovil\public_html\index.php on line 41
[15-Aug-2019 21:00:08 UTC] PHP Warning:  include(): Failed opening 'plataformas.php' for inclusion (include_path='.;C:\php\pear') in C:\Winginx\home\mavimovil\public_html\index.php on line 41
[15-Aug-2019 21:00:09 UTC] PHP Warning:  include(plataformas.php): failed to open stream: No such file or directory in C:\Winginx\home\mavimovil\public_html\index.php on line 41
[15-Aug-2019 21:00:09 UTC] PHP Warning:  include(): Failed opening 'plataformas.php' for inclusion (include_path='.;C:\php\pear') in C:\Winginx\home\mavimovil\public_html\index.php on line 41
[15-Aug-2019 21:00:09 UTC] PHP Warning:  include(plataformas.php): failed to open stream: No such file or directory in C:\Winginx\home\mavimovil\public_html\index.php on line 41
[15-Aug-2019 21:00:09 UTC] PHP Warning:  include(): Failed opening 'plataformas.php' for inclusion (include_path='.;C:\php\pear') in C:\Winginx\home\mavimovil\public_html\index.php on line 41
[15-Aug-2019 21:00:36 UTC] PHP Warning:  include(plataformas.php): failed to open stream: No such file or directory in C:\Winginx\home\mavimovil\public_html\index.php on line 41
[15-Aug-2019 21:00:36 UTC] PHP Warning:  include(): Failed opening 'plataformas.php' for inclusion (include_path='.;C:\php\pear') in C:\Winginx\home\mavimovil\public_html\index.php on line 41
[15-Aug-2019 21:00:36 UTC] PHP Warning:  include(plataformas.php): failed to open stream: No such file or directory in C:\Winginx\home\mavimovil\public_html\index.php on line 41
[15-Aug-2019 21:00:36 UTC] PHP Warning:  include(): Failed opening 'plataformas.php' for inclusion (include_path='.;C:\php\pear') in C:\Winginx\home\mavimovil\public_html\index.php on line 41
[15-Aug-2019 21:00:37 UTC] PHP Warning:  include(plataformas.php): failed to open stream: No such file or directory in C:\Winginx\home\mavimovil\public_html\index.php on line 41
[15-Aug-2019 21:00:37 UTC] PHP Warning:  include(): Failed opening 'plataformas.php' for inclusion (include_path='.;C:\php\pear') in C:\Winginx\home\mavimovil\public_html\index.php on line 41
[15-Aug-2019 21:00:57 UTC] PHP Warning:  include(plataformas.php): failed to open stream: No such file or directory in C:\Winginx\home\mavimovil\public_html\index.php on line 41
[15-Aug-2019 21:00:57 UTC] PHP Warning:  include(): Failed opening 'plataformas.php' for inclusion (include_path='.;C:\php\pear') in C:\Winginx\home\mavimovil\public_html\index.php on line 41
[15-Aug-2019 21:00:57 UTC] PHP Warning:  include(plataformas.php): failed to open stream: No such file or directory in C:\Winginx\home\mavimovil\public_html\index.php on line 41
[15-Aug-2019 21:00:57 UTC] PHP Warning:  include(): Failed opening 'plataformas.php' for inclusion (include_path='.;C:\php\pear') in C:\Winginx\home\mavimovil\public_html\index.php on line 41
[15-Aug-2019 21:00:57 UTC] PHP Warning:  include(plataformas.php): failed to open stream: No such file or directory in C:\Winginx\home\mavimovil\public_html\index.php on line 41
[15-Aug-2019 21:00:57 UTC] PHP Warning:  include(): Failed opening 'plataformas.php' for inclusion (include_path='.;C:\php\pear') in C:\Winginx\home\mavimovil\public_html\index.php on line 41
[16-Aug-2019 00:37:27 UTC] PHP Warning:  include(plataformas.php): failed to open stream: No such file or directory in C:\Winginx\home\mavimovil\public_html\index.php on line 41
[16-Aug-2019 00:37:27 UTC] PHP Warning:  include(): Failed opening 'plataformas.php' for inclusion (include_path='.;C:\php\pear') in C:\Winginx\home\mavimovil\public_html\index.php on line 41
[16-Aug-2019 00:37:29 UTC] PHP Warning:  include(plataformas.php): failed to open stream: No such file or directory in C:\Winginx\home\mavimovil\public_html\index.php on line 41
[16-Aug-2019 00:37:29 UTC] PHP Warning:  include(): Failed opening 'plataformas.php' for inclusion (include_path='.;C:\php\pear') in C:\Winginx\home\mavimovil\public_html\index.php on line 41
[16-Aug-2019 00:37:55 UTC] PHP Warning:  include(plataformas.php): failed to open stream: No such file or directory in C:\Winginx\home\mavimovil\public_html\index.php on line 41
[16-Aug-2019 00:37:55 UTC] PHP Warning:  include(): Failed opening 'plataformas.php' for inclusion (include_path='.;C:\php\pear') in C:\Winginx\home\mavimovil\public_html\index.php on line 41
[16-Aug-2019 00:39:34 UTC] PHP Warning:  include(plataformas.php): failed to open stream: No such file or directory in C:\Winginx\home\mavimovil\public_html\index.php on line 41
[16-Aug-2019 00:39:34 UTC] PHP Warning:  include(): Failed opening 'plataformas.php' for inclusion (include_path='.;C:\php\pear') in C:\Winginx\home\mavimovil\public_html\index.php on line 41
[16-Aug-2019 00:39:34 UTC] PHP Warning:  include(plataformas.php): failed to open stream: No such file or directory in C:\Winginx\home\mavimovil\public_html\index.php on line 41
[16-Aug-2019 00:39:34 UTC] PHP Warning:  include(): Failed opening 'plataformas.php' for inclusion (include_path='.;C:\php\pear') in C:\Winginx\home\mavimovil\public_html\index.php on line 41
[16-Aug-2019 00:41:21 UTC] PHP Warning:  include(plataformas.php): failed to open stream: No such file or directory in C:\Winginx\home\mavimovil\public_html\index.php on line 41
[16-Aug-2019 00:41:21 UTC] PHP Warning:  include(): Failed opening 'plataformas.php' for inclusion (include_path='.;C:\php\pear') in C:\Winginx\home\mavimovil\public_html\index.php on line 41
[16-Aug-2019 00:41:21 UTC] PHP Warning:  include(plataformas.php): failed to open stream: No such file or directory in C:\Winginx\home\mavimovil\public_html\index.php on line 41
[16-Aug-2019 00:41:21 UTC] PHP Warning:  include(): Failed opening 'plataformas.php' for inclusion (include_path='.;C:\php\pear') in C:\Winginx\home\mavimovil\public_html\index.php on line 41
[16-Aug-2019 00:41:44 UTC] PHP Warning:  include(plataformas.php): failed to open stream: No such file or directory in C:\Winginx\home\mavimovil\public_html\index.php on line 41
[16-Aug-2019 00:41:44 UTC] PHP Warning:  include(): Failed opening 'plataformas.php' for inclusion (include_path='.;C:\php\pear') in C:\Winginx\home\mavimovil\public_html\index.php on line 41
[16-Aug-2019 00:41:44 UTC] PHP Warning:  include(plataformas.php): failed to open stream: No such file or directory in C:\Winginx\home\mavimovil\public_html\index.php on line 41
[16-Aug-2019 00:41:44 UTC] PHP Warning:  include(): Failed opening 'plataformas.php' for inclusion (include_path='.;C:\php\pear') in C:\Winginx\home\mavimovil\public_html\index.php on line 41
[16-Aug-2019 00:42:12 UTC] PHP Warning:  include(plataformas.php): failed to open stream: No such file or directory in C:\Winginx\home\mavimovil\public_html\index.php on line 41
[16-Aug-2019 00:42:12 UTC] PHP Warning:  include(): Failed opening 'plataformas.php' for inclusion (include_path='.;C:\php\pear') in C:\Winginx\home\mavimovil\public_html\index.php on line 41
[16-Aug-2019 00:42:12 UTC] PHP Warning:  include(plataformas.php): failed to open stream: No such file or directory in C:\Winginx\home\mavimovil\public_html\index.php on line 41
[16-Aug-2019 00:42:12 UTC] PHP Warning:  include(): Failed opening 'plataformas.php' for inclusion (include_path='.;C:\php\pear') in C:\Winginx\home\mavimovil\public_html\index.php on line 41
[16-Aug-2019 00:42:17 UTC] PHP Warning:  include(plataformas.php): failed to open stream: No such file or directory in C:\Winginx\home\mavimovil\public_html\index.php on line 41
[16-Aug-2019 00:42:17 UTC] PHP Warning:  include(): Failed opening 'plataformas.php' for inclusion (include_path='.;C:\php\pear') in C:\Winginx\home\mavimovil\public_html\index.php on line 41
[16-Aug-2019 00:42:17 UTC] PHP Warning:  include(plataformas.php): failed to open stream: No such file or directory in C:\Winginx\home\mavimovil\public_html\index.php on line 41
[16-Aug-2019 00:42:17 UTC] PHP Warning:  include(): Failed opening 'plataformas.php' for inclusion (include_path='.;C:\php\pear') in C:\Winginx\home\mavimovil\public_html\index.php on line 41
[16-Aug-2019 00:43:58 UTC] PHP Warning:  include(plataformas.php): failed to open stream: No such file or directory in C:\Winginx\home\mavimovil\public_html\index.php on line 41
[16-Aug-2019 00:43:58 UTC] PHP Warning:  include(): Failed opening 'plataformas.php' for inclusion (include_path='.;C:\php\pear') in C:\Winginx\home\mavimovil\public_html\index.php on line 41
[16-Aug-2019 00:43:58 UTC] PHP Warning:  include(plataformas.php): failed to open stream: No such file or directory in C:\Winginx\home\mavimovil\public_html\index.php on line 41
[16-Aug-2019 00:43:58 UTC] PHP Warning:  include(): Failed opening 'plataformas.php' for inclusion (include_path='.;C:\php\pear') in C:\Winginx\home\mavimovil\public_html\index.php on line 41
[16-Aug-2019 00:43:59 UTC] PHP Warning:  include(plataformas.php): failed to open stream: No such file or directory in C:\Winginx\home\mavimovil\public_html\index.php on line 41
[16-Aug-2019 00:43:59 UTC] PHP Warning:  include(): Failed opening 'plataformas.php' for inclusion (include_path='.;C:\php\pear') in C:\Winginx\home\mavimovil\public_html\index.php on line 41
[16-Aug-2019 00:44:04 UTC] PHP Warning:  include(plataformas.php): failed to open stream: No such file or directory in C:\Winginx\home\mavimovil\public_html\index.php on line 41
[16-Aug-2019 00:44:04 UTC] PHP Warning:  include(): Failed opening 'plataformas.php' for inclusion (include_path='.;C:\php\pear') in C:\Winginx\home\mavimovil\public_html\index.php on line 41
[16-Aug-2019 00:44:04 UTC] PHP Warning:  include(plataformas.php): failed to open stream: No such file or directory in C:\Winginx\home\mavimovil\public_html\index.php on line 41
[16-Aug-2019 00:44:04 UTC] PHP Warning:  include(): Failed opening 'plataformas.php' for inclusion (include_path='.;C:\php\pear') in C:\Winginx\home\mavimovil\public_html\index.php on line 41
[16-Aug-2019 00:44:04 UTC] PHP Warning:  include(plataformas.php): failed to open stream: No such file or directory in C:\Winginx\home\mavimovil\public_html\index.php on line 41
[16-Aug-2019 00:44:04 UTC] PHP Warning:  include(): Failed opening 'plataformas.php' for inclusion (include_path='.;C:\php\pear') in C:\Winginx\home\mavimovil\public_html\index.php on line 41
[16-Aug-2019 00:44:08 UTC] PHP Warning:  include(plataformas.php): failed to open stream: No such file or directory in C:\Winginx\home\mavimovil\public_html\index.php on line 41
[16-Aug-2019 00:44:08 UTC] PHP Warning:  include(): Failed opening 'plataformas.php' for inclusion (include_path='.;C:\php\pear') in C:\Winginx\home\mavimovil\public_html\index.php on line 41
[16-Aug-2019 00:44:08 UTC] PHP Warning:  include(plataformas.php): failed to open stream: No such file or directory in C:\Winginx\home\mavimovil\public_html\index.php on line 41
[16-Aug-2019 00:44:08 UTC] PHP Warning:  include(): Failed opening 'plataformas.php' for inclusion (include_path='.;C:\php\pear') in C:\Winginx\home\mavimovil\public_html\index.php on line 41
[16-Aug-2019 00:46:26 UTC] PHP Warning:  include(plataformas.php): failed to open stream: No such file or directory in C:\Winginx\home\mavimovil\public_html\index.php on line 41
[16-Aug-2019 00:46:26 UTC] PHP Warning:  include(): Failed opening 'plataformas.php' for inclusion (include_path='.;C:\php\pear') in C:\Winginx\home\mavimovil\public_html\index.php on line 41
[16-Aug-2019 00:46:26 UTC] PHP Warning:  include(plataformas.php): failed to open stream: No such file or directory in C:\Winginx\home\mavimovil\public_html\index.php on line 41
[16-Aug-2019 00:46:26 UTC] PHP Warning:  include(): Failed opening 'plataformas.php' for inclusion (include_path='.;C:\php\pear') in C:\Winginx\home\mavimovil\public_html\index.php on line 41
[16-Aug-2019 00:47:26 UTC] PHP Warning:  include(plataformas.php): failed to open stream: No such file or directory in C:\Winginx\home\mavimovil\public_html\index.php on line 41
[16-Aug-2019 00:47:26 UTC] PHP Warning:  include(): Failed opening 'plataformas.php' for inclusion (include_path='.;C:\php\pear') in C:\Winginx\home\mavimovil\public_html\index.php on line 41
[16-Aug-2019 00:47:26 UTC] PHP Warning:  include(plataformas.php): failed to open stream: No such file or directory in C:\Winginx\home\mavimovil\public_html\index.php on line 41
[16-Aug-2019 00:47:26 UTC] PHP Warning:  include(): Failed opening 'plataformas.php' for inclusion (include_path='.;C:\php\pear') in C:\Winginx\home\mavimovil\public_html\index.php on line 41
[16-Aug-2019 00:47:26 UTC] PHP Warning:  include(plataformas.php): failed to open stream: No such file or directory in C:\Winginx\home\mavimovil\public_html\index.php on line 41
[16-Aug-2019 00:47:26 UTC] PHP Warning:  include(): Failed opening 'plataformas.php' for inclusion (include_path='.;C:\php\pear') in C:\Winginx\home\mavimovil\public_html\index.php on line 41
[16-Aug-2019 00:48:20 UTC] PHP Warning:  include(plataformas.php): failed to open stream: No such file or directory in C:\Winginx\home\mavimovil\public_html\index.php on line 41
[16-Aug-2019 00:48:20 UTC] PHP Warning:  include(): Failed opening 'plataformas.php' for inclusion (include_path='.;C:\php\pear') in C:\Winginx\home\mavimovil\public_html\index.php on line 41
[16-Aug-2019 00:48:20 UTC] PHP Warning:  include(plataformas.php): failed to open stream: No such file or directory in C:\Winginx\home\mavimovil\public_html\index.php on line 41
[16-Aug-2019 00:48:20 UTC] PHP Warning:  include(): Failed opening 'plataformas.php' for inclusion (include_path='.;C:\php\pear') in C:\Winginx\home\mavimovil\public_html\index.php on line 41
[16-Aug-2019 00:48:20 UTC] PHP Warning:  include(plataformas.php): failed to open stream: No such file or directory in C:\Winginx\home\mavimovil\public_html\index.php on line 41
[16-Aug-2019 00:48:20 UTC] PHP Warning:  include(): Failed opening 'plataformas.php' for inclusion (include_path='.;C:\php\pear') in C:\Winginx\home\mavimovil\public_html\index.php on line 41
[16-Aug-2019 00:54:18 UTC] PHP Warning:  include(plataformas.php): failed to open stream: No such file or directory in C:\Winginx\home\mavimovil\public_html\index.php on line 41
[16-Aug-2019 00:54:18 UTC] PHP Warning:  include(): Failed opening 'plataformas.php' for inclusion (include_path='.;C:\php\pear') in C:\Winginx\home\mavimovil\public_html\index.php on line 41
[16-Aug-2019 00:54:19 UTC] PHP Warning:  include(plataformas.php): failed to open stream: No such file or directory in C:\Winginx\home\mavimovil\public_html\index.php on line 41
[16-Aug-2019 00:54:19 UTC] PHP Warning:  include(): Failed opening 'plataformas.php' for inclusion (include_path='.;C:\php\pear') in C:\Winginx\home\mavimovil\public_html\index.php on line 41
[16-Aug-2019 00:54:37 UTC] PHP Warning:  include(plataformas.php): failed to open stream: No such file or directory in C:\Winginx\home\mavimovil\public_html\index.php on line 41
[16-Aug-2019 00:54:37 UTC] PHP Warning:  include(): Failed opening 'plataformas.php' for inclusion (include_path='.;C:\php\pear') in C:\Winginx\home\mavimovil\public_html\index.php on line 41
[16-Aug-2019 00:54:38 UTC] PHP Warning:  include(plataformas.php): failed to open stream: No such file or directory in C:\Winginx\home\mavimovil\public_html\index.php on line 41
[16-Aug-2019 00:54:38 UTC] PHP Warning:  include(): Failed opening 'plataformas.php' for inclusion (include_path='.;C:\php\pear') in C:\Winginx\home\mavimovil\public_html\index.php on line 41
[16-Aug-2019 00:55:04 UTC] PHP Warning:  include(plataformas.php): failed to open stream: No such file or directory in C:\Winginx\home\mavimovil\public_html\index.php on line 41
[16-Aug-2019 00:55:04 UTC] PHP Warning:  include(): Failed opening 'plataformas.php' for inclusion (include_path='.;C:\php\pear') in C:\Winginx\home\mavimovil\public_html\index.php on line 41
[16-Aug-2019 00:55:05 UTC] PHP Warning:  include(plataformas.php): failed to open stream: No such file or directory in C:\Winginx\home\mavimovil\public_html\index.php on line 41
[16-Aug-2019 00:55:05 UTC] PHP Warning:  include(): Failed opening 'plataformas.php' for inclusion (include_path='.;C:\php\pear') in C:\Winginx\home\mavimovil\public_html\index.php on line 41
[16-Aug-2019 00:56:29 UTC] PHP Warning:  include(plataformas.php): failed to open stream: No such file or directory in C:\Winginx\home\mavimovil\public_html\index.php on line 41
[16-Aug-2019 00:56:29 UTC] PHP Warning:  include(): Failed opening 'plataformas.php' for inclusion (include_path='.;C:\php\pear') in C:\Winginx\home\mavimovil\public_html\index.php on line 41
[16-Aug-2019 00:56:29 UTC] PHP Warning:  include(plataformas.php): failed to open stream: No such file or directory in C:\Winginx\home\mavimovil\public_html\index.php on line 41
[16-Aug-2019 00:56:29 UTC] PHP Warning:  include(): Failed opening 'plataformas.php' for inclusion (include_path='.;C:\php\pear') in C:\Winginx\home\mavimovil\public_html\index.php on line 41
[16-Aug-2019 00:58:17 UTC] PHP Warning:  include(plataformas.php): failed to open stream: No such file or directory in C:\Winginx\home\mavimovil\public_html\index.php on line 41
[16-Aug-2019 00:58:17 UTC] PHP Warning:  include(): Failed opening 'plataformas.php' for inclusion (include_path='.;C:\php\pear') in C:\Winginx\home\mavimovil\public_html\index.php on line 41
[16-Aug-2019 00:58:17 UTC] PHP Warning:  include(plataformas.php): failed to open stream: No such file or directory in C:\Winginx\home\mavimovil\public_html\index.php on line 41
[16-Aug-2019 00:58:17 UTC] PHP Warning:  include(): Failed opening 'plataformas.php' for inclusion (include_path='.;C:\php\pear') in C:\Winginx\home\mavimovil\public_html\index.php on line 41
[16-Aug-2019 01:03:49 UTC] PHP Warning:  include(plataformas.php): failed to open stream: No such file or directory in C:\Winginx\home\mavimovil\public_html\index.php on line 41
[16-Aug-2019 01:03:49 UTC] PHP Warning:  include(): Failed opening 'plataformas.php' for inclusion (include_path='.;C:\php\pear') in C:\Winginx\home\mavimovil\public_html\index.php on line 41
[16-Aug-2019 01:03:49 UTC] PHP Warning:  include(plataformas.php): failed to open stream: No such file or directory in C:\Winginx\home\mavimovil\public_html\index.php on line 41
[16-Aug-2019 01:03:49 UTC] PHP Warning:  include(): Failed opening 'plataformas.php' for inclusion (include_path='.;C:\php\pear') in C:\Winginx\home\mavimovil\public_html\index.php on line 41
[16-Aug-2019 01:05:32 UTC] PHP Warning:  include(plataformas.php): failed to open stream: No such file or directory in C:\Winginx\home\mavimovil\public_html\index.php on line 41
[16-Aug-2019 01:05:32 UTC] PHP Warning:  include(): Failed opening 'plataformas.php' for inclusion (include_path='.;C:\php\pear') in C:\Winginx\home\mavimovil\public_html\index.php on line 41
[16-Aug-2019 01:05:32 UTC] PHP Warning:  include(plataformas.php): failed to open stream: No such file or directory in C:\Winginx\home\mavimovil\public_html\index.php on line 41
[16-Aug-2019 01:05:32 UTC] PHP Warning:  include(): Failed opening 'plataformas.php' for inclusion (include_path='.;C:\php\pear') in C:\Winginx\home\mavimovil\public_html\index.php on line 41
[16-Aug-2019 01:06:47 UTC] PHP Warning:  include(plataformas.php): failed to open stream: No such file or directory in C:\Winginx\home\mavimovil\public_html\index.php on line 41
[16-Aug-2019 01:06:47 UTC] PHP Warning:  include(): Failed opening 'plataformas.php' for inclusion (include_path='.;C:\php\pear') in C:\Winginx\home\mavimovil\public_html\index.php on line 41
[16-Aug-2019 01:06:47 UTC] PHP Warning:  include(plataformas.php): failed to open stream: No such file or directory in C:\Winginx\home\mavimovil\public_html\index.php on line 41
[16-Aug-2019 01:06:47 UTC] PHP Warning:  include(): Failed opening 'plataformas.php' for inclusion (include_path='.;C:\php\pear') in C:\Winginx\home\mavimovil\public_html\index.php on line 41
[16-Aug-2019 01:07:23 UTC] PHP Warning:  include(plataformas.php): failed to open stream: No such file or directory in C:\Winginx\home\mavimovil\public_html\index.php on line 41
[16-Aug-2019 01:07:23 UTC] PHP Warning:  include(): Failed opening 'plataformas.php' for inclusion (include_path='.;C:\php\pear') in C:\Winginx\home\mavimovil\public_html\index.php on line 41
[16-Aug-2019 01:07:24 UTC] PHP Warning:  include(plataformas.php): failed to open stream: No such file or directory in C:\Winginx\home\mavimovil\public_html\index.php on line 41
[16-Aug-2019 01:07:24 UTC] PHP Warning:  include(): Failed opening 'plataformas.php' for inclusion (include_path='.;C:\php\pear') in C:\Winginx\home\mavimovil\public_html\index.php on line 41
[16-Aug-2019 01:14:31 UTC] PHP Warning:  include(plataformas.php): failed to open stream: No such file or directory in C:\Winginx\home\mavimovil\public_html\index.php on line 41
[16-Aug-2019 01:14:31 UTC] PHP Warning:  include(): Failed opening 'plataformas.php' for inclusion (include_path='.;C:\php\pear') in C:\Winginx\home\mavimovil\public_html\index.php on line 41
[16-Aug-2019 01:14:31 UTC] PHP Warning:  include(plataformas.php): failed to open stream: No such file or directory in C:\Winginx\home\mavimovil\public_html\index.php on line 41
[16-Aug-2019 01:14:31 UTC] PHP Warning:  include(): Failed opening 'plataformas.php' for inclusion (include_path='.;C:\php\pear') in C:\Winginx\home\mavimovil\public_html\index.php on line 41
[16-Aug-2019 01:16:08 UTC] PHP Warning:  include(plataformas.php): failed to open stream: No such file or directory in C:\Winginx\home\mavimovil\public_html\index.php on line 41
[16-Aug-2019 01:16:08 UTC] PHP Warning:  include(): Failed opening 'plataformas.php' for inclusion (include_path='.;C:\php\pear') in C:\Winginx\home\mavimovil\public_html\index.php on line 41
[16-Aug-2019 01:16:08 UTC] PHP Warning:  include(plataformas.php): failed to open stream: No such file or directory in C:\Winginx\home\mavimovil\public_html\index.php on line 41
[16-Aug-2019 01:16:08 UTC] PHP Warning:  include(): Failed opening 'plataformas.php' for inclusion (include_path='.;C:\php\pear') in C:\Winginx\home\mavimovil\public_html\index.php on line 41
[16-Aug-2019 01:18:29 UTC] PHP Warning:  include(plataformas.php): failed to open stream: No such file or directory in C:\Winginx\home\mavimovil\public_html\index.php on line 41
[16-Aug-2019 01:18:29 UTC] PHP Warning:  include(): Failed opening 'plataformas.php' for inclusion (include_path='.;C:\php\pear') in C:\Winginx\home\mavimovil\public_html\index.php on line 41
[16-Aug-2019 01:18:30 UTC] PHP Warning:  include(plataformas.php): failed to open stream: No such file or directory in C:\Winginx\home\mavimovil\public_html\index.php on line 41
[16-Aug-2019 01:18:30 UTC] PHP Warning:  include(): Failed opening 'plataformas.php' for inclusion (include_path='.;C:\php\pear') in C:\Winginx\home\mavimovil\public_html\index.php on line 41
[16-Aug-2019 01:20:43 UTC] PHP Warning:  include(plataformas.php): failed to open stream: No such file or directory in C:\Winginx\home\mavimovil\public_html\index.php on line 41
[16-Aug-2019 01:20:43 UTC] PHP Warning:  include(): Failed opening 'plataformas.php' for inclusion (include_path='.;C:\php\pear') in C:\Winginx\home\mavimovil\public_html\index.php on line 41
[16-Aug-2019 01:20:44 UTC] PHP Warning:  include(plataformas.php): failed to open stream: No such file or directory in C:\Winginx\home\mavimovil\public_html\index.php on line 41
[16-Aug-2019 01:20:44 UTC] PHP Warning:  include(): Failed opening 'plataformas.php' for inclusion (include_path='.;C:\php\pear') in C:\Winginx\home\mavimovil\public_html\index.php on line 41
[16-Aug-2019 01:21:26 UTC] PHP Warning:  include(plataformas.php): failed to open stream: No such file or directory in C:\Winginx\home\mavimovil\public_html\index.php on line 41
[16-Aug-2019 01:21:26 UTC] PHP Warning:  include(): Failed opening 'plataformas.php' for inclusion (include_path='.;C:\php\pear') in C:\Winginx\home\mavimovil\public_html\index.php on line 41
[16-Aug-2019 01:21:26 UTC] PHP Warning:  include(plataformas.php): failed to open stream: No such file or directory in C:\Winginx\home\mavimovil\public_html\index.php on line 41
[16-Aug-2019 01:21:26 UTC] PHP Warning:  include(): Failed opening 'plataformas.php' for inclusion (include_path='.;C:\php\pear') in C:\Winginx\home\mavimovil\public_html\index.php on line 41
[16-Aug-2019 01:21:44 UTC] PHP Warning:  include(plataformas.php): failed to open stream: No such file or directory in C:\Winginx\home\mavimovil\public_html\index.php on line 41
[16-Aug-2019 01:21:44 UTC] PHP Warning:  include(): Failed opening 'plataformas.php' for inclusion (include_path='.;C:\php\pear') in C:\Winginx\home\mavimovil\public_html\index.php on line 41
[16-Aug-2019 01:21:45 UTC] PHP Warning:  include(plataformas.php): failed to open stream: No such file or directory in C:\Winginx\home\mavimovil\public_html\index.php on line 41
[16-Aug-2019 01:21:45 UTC] PHP Warning:  include(): Failed opening 'plataformas.php' for inclusion (include_path='.;C:\php\pear') in C:\Winginx\home\mavimovil\public_html\index.php on line 41
[16-Aug-2019 01:22:22 UTC] PHP Warning:  include(plataformas.php): failed to open stream: No such file or directory in C:\Winginx\home\mavimovil\public_html\index.php on line 41
[16-Aug-2019 01:22:22 UTC] PHP Warning:  include(): Failed opening 'plataformas.php' for inclusion (include_path='.;C:\php\pear') in C:\Winginx\home\mavimovil\public_html\index.php on line 41
[16-Aug-2019 01:22:22 UTC] PHP Warning:  include(plataformas.php): failed to open stream: No such file or directory in C:\Winginx\home\mavimovil\public_html\index.php on line 41
[16-Aug-2019 01:22:22 UTC] PHP Warning:  include(): Failed opening 'plataformas.php' for inclusion (include_path='.;C:\php\pear') in C:\Winginx\home\mavimovil\public_html\index.php on line 41
[16-Aug-2019 01:22:30 UTC] PHP Warning:  include(plataformas.php): failed to open stream: No such file or directory in C:\Winginx\home\mavimovil\public_html\index.php on line 41
[16-Aug-2019 01:22:30 UTC] PHP Warning:  include(): Failed opening 'plataformas.php' for inclusion (include_path='.;C:\php\pear') in C:\Winginx\home\mavimovil\public_html\index.php on line 41
[16-Aug-2019 01:22:30 UTC] PHP Warning:  include(plataformas.php): failed to open stream: No such file or directory in C:\Winginx\home\mavimovil\public_html\index.php on line 41
[16-Aug-2019 01:22:30 UTC] PHP Warning:  include(): Failed opening 'plataformas.php' for inclusion (include_path='.;C:\php\pear') in C:\Winginx\home\mavimovil\public_html\index.php on line 41
[16-Aug-2019 01:23:20 UTC] PHP Warning:  include(plataformas.php): failed to open stream: No such file or directory in C:\Winginx\home\mavimovil\public_html\index.php on line 41
[16-Aug-2019 01:23:20 UTC] PHP Warning:  include(): Failed opening 'plataformas.php' for inclusion (include_path='.;C:\php\pear') in C:\Winginx\home\mavimovil\public_html\index.php on line 41
[16-Aug-2019 01:23:20 UTC] PHP Warning:  include(plataformas.php): failed to open stream: No such file or directory in C:\Winginx\home\mavimovil\public_html\index.php on line 41
[16-Aug-2019 01:23:20 UTC] PHP Warning:  include(): Failed opening 'plataformas.php' for inclusion (include_path='.;C:\php\pear') in C:\Winginx\home\mavimovil\public_html\index.php on line 41
[16-Aug-2019 01:28:10 UTC] PHP Warning:  include(plataformas.php): failed to open stream: No such file or directory in C:\Winginx\home\mavimovil\public_html\index.php on line 41
[16-Aug-2019 01:28:10 UTC] PHP Warning:  include(): Failed opening 'plataformas.php' for inclusion (include_path='.;C:\php\pear') in C:\Winginx\home\mavimovil\public_html\index.php on line 41
[16-Aug-2019 01:28:11 UTC] PHP Warning:  include(plataformas.php): failed to open stream: No such file or directory in C:\Winginx\home\mavimovil\public_html\index.php on line 41
[16-Aug-2019 01:28:11 UTC] PHP Warning:  include(): Failed opening 'plataformas.php' for inclusion (include_path='.;C:\php\pear') in C:\Winginx\home\mavimovil\public_html\index.php on line 41
[16-Aug-2019 01:28:25 UTC] PHP Warning:  include(plataformas.php): failed to open stream: No such file or directory in C:\Winginx\home\mavimovil\public_html\index.php on line 41
[16-Aug-2019 01:28:25 UTC] PHP Warning:  include(): Failed opening 'plataformas.php' for inclusion (include_path='.;C:\php\pear') in C:\Winginx\home\mavimovil\public_html\index.php on line 41
[16-Aug-2019 01:28:26 UTC] PHP Warning:  include(plataformas.php): failed to open stream: No such file or directory in C:\Winginx\home\mavimovil\public_html\index.php on line 41
[16-Aug-2019 01:28:26 UTC] PHP Warning:  include(): Failed opening 'plataformas.php' for inclusion (include_path='.;C:\php\pear') in C:\Winginx\home\mavimovil\public_html\index.php on line 41
[16-Aug-2019 01:29:18 UTC] PHP Warning:  include(plataformas.php): failed to open stream: No such file or directory in C:\Winginx\home\mavimovil\public_html\index.php on line 41
[16-Aug-2019 01:29:18 UTC] PHP Warning:  include(): Failed opening 'plataformas.php' for inclusion (include_path='.;C:\php\pear') in C:\Winginx\home\mavimovil\public_html\index.php on line 41
[16-Aug-2019 01:29:18 UTC] PHP Warning:  include(plataformas.php): failed to open stream: No such file or directory in C:\Winginx\home\mavimovil\public_html\index.php on line 41
[16-Aug-2019 01:29:18 UTC] PHP Warning:  include(): Failed opening 'plataformas.php' for inclusion (include_path='.;C:\php\pear') in C:\Winginx\home\mavimovil\public_html\index.php on line 41
[16-Aug-2019 01:30:00 UTC] PHP Warning:  include(plataformas.php): failed to open stream: No such file or directory in C:\Winginx\home\mavimovil\public_html\index.php on line 41
[16-Aug-2019 01:30:00 UTC] PHP Warning:  include(): Failed opening 'plataformas.php' for inclusion (include_path='.;C:\php\pear') in C:\Winginx\home\mavimovil\public_html\index.php on line 41
[16-Aug-2019 01:30:00 UTC] PHP Warning:  include(plataformas.php): failed to open stream: No such file or directory in C:\Winginx\home\mavimovil\public_html\index.php on line 41
[16-Aug-2019 01:30:00 UTC] PHP Warning:  include(): Failed opening 'plataformas.php' for inclusion (include_path='.;C:\php\pear') in C:\Winginx\home\mavimovil\public_html\index.php on line 41
[16-Aug-2019 01:30:19 UTC] PHP Warning:  include(plataformas.php): failed to open stream: No such file or directory in C:\Winginx\home\mavimovil\public_html\index.php on line 41
[16-Aug-2019 01:30:19 UTC] PHP Warning:  include(): Failed opening 'plataformas.php' for inclusion (include_path='.;C:\php\pear') in C:\Winginx\home\mavimovil\public_html\index.php on line 41
[16-Aug-2019 01:30:20 UTC] PHP Warning:  include(plataformas.php): failed to open stream: No such file or directory in C:\Winginx\home\mavimovil\public_html\index.php on line 41
[16-Aug-2019 01:30:20 UTC] PHP Warning:  include(): Failed opening 'plataformas.php' for inclusion (include_path='.;C:\php\pear') in C:\Winginx\home\mavimovil\public_html\index.php on line 41
[16-Aug-2019 01:32:16 UTC] PHP Warning:  include(plataformas.php): failed to open stream: No such file or directory in C:\Winginx\home\mavimovil\public_html\index.php on line 41
[16-Aug-2019 01:32:16 UTC] PHP Warning:  include(): Failed opening 'plataformas.php' for inclusion (include_path='.;C:\php\pear') in C:\Winginx\home\mavimovil\public_html\index.php on line 41
[16-Aug-2019 01:32:17 UTC] PHP Warning:  include(plataformas.php): failed to open stream: No such file or directory in C:\Winginx\home\mavimovil\public_html\index.php on line 41
[16-Aug-2019 01:32:17 UTC] PHP Warning:  include(): Failed opening 'plataformas.php' for inclusion (include_path='.;C:\php\pear') in C:\Winginx\home\mavimovil\public_html\index.php on line 41
[16-Aug-2019 01:33:47 UTC] PHP Warning:  include(plataformas.php): failed to open stream: No such file or directory in C:\Winginx\home\mavimovil\public_html\index.php on line 41
[16-Aug-2019 01:33:47 UTC] PHP Warning:  include(): Failed opening 'plataformas.php' for inclusion (include_path='.;C:\php\pear') in C:\Winginx\home\mavimovil\public_html\index.php on line 41
[16-Aug-2019 01:33:48 UTC] PHP Warning:  include(plataformas.php): failed to open stream: No such file or directory in C:\Winginx\home\mavimovil\public_html\index.php on line 41
[16-Aug-2019 01:33:48 UTC] PHP Warning:  include(): Failed opening 'plataformas.php' for inclusion (include_path='.;C:\php\pear') in C:\Winginx\home\mavimovil\public_html\index.php on line 41
[16-Aug-2019 01:35:00 UTC] PHP Warning:  include(plataformas.php): failed to open stream: No such file or directory in C:\Winginx\home\mavimovil\public_html\index.php on line 41
[16-Aug-2019 01:35:00 UTC] PHP Warning:  include(): Failed opening 'plataformas.php' for inclusion (include_path='.;C:\php\pear') in C:\Winginx\home\mavimovil\public_html\index.php on line 41
[16-Aug-2019 01:35:01 UTC] PHP Warning:  include(plataformas.php): failed to open stream: No such file or directory in C:\Winginx\home\mavimovil\public_html\index.php on line 41
[16-Aug-2019 01:35:01 UTC] PHP Warning:  include(): Failed opening 'plataformas.php' for inclusion (include_path='.;C:\php\pear') in C:\Winginx\home\mavimovil\public_html\index.php on line 41
[16-Aug-2019 01:35:17 UTC] PHP Warning:  include(plataformas.php): failed to open stream: No such file or directory in C:\Winginx\home\mavimovil\public_html\index.php on line 41
[16-Aug-2019 01:35:17 UTC] PHP Warning:  include(): Failed opening 'plataformas.php' for inclusion (include_path='.;C:\php\pear') in C:\Winginx\home\mavimovil\public_html\index.php on line 41
[16-Aug-2019 01:35:17 UTC] PHP Warning:  include(plataformas.php): failed to open stream: No such file or directory in C:\Winginx\home\mavimovil\public_html\index.php on line 41
[16-Aug-2019 01:35:17 UTC] PHP Warning:  include(): Failed opening 'plataformas.php' for inclusion (include_path='.;C:\php\pear') in C:\Winginx\home\mavimovil\public_html\index.php on line 41
[16-Aug-2019 01:38:14 UTC] PHP Warning:  include(plataformas.php): failed to open stream: No such file or directory in C:\Winginx\home\mavimovil\public_html\index.php on line 41
[16-Aug-2019 01:38:14 UTC] PHP Warning:  include(): Failed opening 'plataformas.php' for inclusion (include_path='.;C:\php\pear') in C:\Winginx\home\mavimovil\public_html\index.php on line 41
[16-Aug-2019 01:38:15 UTC] PHP Warning:  include(plataformas.php): failed to open stream: No such file or directory in C:\Winginx\home\mavimovil\public_html\index.php on line 41
[16-Aug-2019 01:38:15 UTC] PHP Warning:  include(): Failed opening 'plataformas.php' for inclusion (include_path='.;C:\php\pear') in C:\Winginx\home\mavimovil\public_html\index.php on line 41
[16-Aug-2019 01:40:26 UTC] PHP Warning:  include(plataformas.php): failed to open stream: No such file or directory in C:\Winginx\home\mavimovil\public_html\index.php on line 41
[16-Aug-2019 01:40:26 UTC] PHP Warning:  include(): Failed opening 'plataformas.php' for inclusion (include_path='.;C:\php\pear') in C:\Winginx\home\mavimovil\public_html\index.php on line 41
[16-Aug-2019 01:40:27 UTC] PHP Warning:  include(plataformas.php): failed to open stream: No such file or directory in C:\Winginx\home\mavimovil\public_html\index.php on line 41
[16-Aug-2019 01:40:27 UTC] PHP Warning:  include(): Failed opening 'plataformas.php' for inclusion (include_path='.;C:\php\pear') in C:\Winginx\home\mavimovil\public_html\index.php on line 41
[16-Aug-2019 01:41:59 UTC] PHP Warning:  include(plataformas.php): failed to open stream: No such file or directory in C:\Winginx\home\mavimovil\public_html\index.php on line 41
[16-Aug-2019 01:41:59 UTC] PHP Warning:  include(): Failed opening 'plataformas.php' for inclusion (include_path='.;C:\php\pear') in C:\Winginx\home\mavimovil\public_html\index.php on line 41
[16-Aug-2019 01:41:59 UTC] PHP Warning:  include(plataformas.php): failed to open stream: No such file or directory in C:\Winginx\home\mavimovil\public_html\index.php on line 41
[16-Aug-2019 01:41:59 UTC] PHP Warning:  include(): Failed opening 'plataformas.php' for inclusion (include_path='.;C:\php\pear') in C:\Winginx\home\mavimovil\public_html\index.php on line 41
[16-Aug-2019 01:42:40 UTC] PHP Warning:  include(plataformas.php): failed to open stream: No such file or directory in C:\Winginx\home\mavimovil\public_html\index.php on line 41
[16-Aug-2019 01:42:40 UTC] PHP Warning:  include(): Failed opening 'plataformas.php' for inclusion (include_path='.;C:\php\pear') in C:\Winginx\home\mavimovil\public_html\index.php on line 41
[16-Aug-2019 01:42:40 UTC] PHP Warning:  include(plataformas.php): failed to open stream: No such file or directory in C:\Winginx\home\mavimovil\public_html\index.php on line 41
[16-Aug-2019 01:42:40 UTC] PHP Warning:  include(): Failed opening 'plataformas.php' for inclusion (include_path='.;C:\php\pear') in C:\Winginx\home\mavimovil\public_html\index.php on line 41
[16-Aug-2019 01:43:18 UTC] PHP Warning:  include(plataformas.php): failed to open stream: No such file or directory in C:\Winginx\home\mavimovil\public_html\index.php on line 41
[16-Aug-2019 01:43:18 UTC] PHP Warning:  include(): Failed opening 'plataformas.php' for inclusion (include_path='.;C:\php\pear') in C:\Winginx\home\mavimovil\public_html\index.php on line 41
[16-Aug-2019 01:43:18 UTC] PHP Warning:  include(plataformas.php): failed to open stream: No such file or directory in C:\Winginx\home\mavimovil\public_html\index.php on line 41
[16-Aug-2019 01:43:18 UTC] PHP Warning:  include(): Failed opening 'plataformas.php' for inclusion (include_path='.;C:\php\pear') in C:\Winginx\home\mavimovil\public_html\index.php on line 41
[16-Aug-2019 01:44:29 UTC] PHP Warning:  include(plataformas.php): failed to open stream: No such file or directory in C:\Winginx\home\mavimovil\public_html\index.php on line 41
[16-Aug-2019 01:44:29 UTC] PHP Warning:  include(): Failed opening 'plataformas.php' for inclusion (include_path='.;C:\php\pear') in C:\Winginx\home\mavimovil\public_html\index.php on line 41
[16-Aug-2019 01:44:30 UTC] PHP Warning:  include(plataformas.php): failed to open stream: No such file or directory in C:\Winginx\home\mavimovil\public_html\index.php on line 41
[16-Aug-2019 01:44:30 UTC] PHP Warning:  include(): Failed opening 'plataformas.php' for inclusion (include_path='.;C:\php\pear') in C:\Winginx\home\mavimovil\public_html\index.php on line 41
[16-Aug-2019 01:44:54 UTC] PHP Warning:  include(plataformas.php): failed to open stream: No such file or directory in C:\Winginx\home\mavimovil\public_html\index.php on line 41
[16-Aug-2019 01:44:54 UTC] PHP Warning:  include(): Failed opening 'plataformas.php' for inclusion (include_path='.;C:\php\pear') in C:\Winginx\home\mavimovil\public_html\index.php on line 41
[16-Aug-2019 01:44:55 UTC] PHP Warning:  include(plataformas.php): failed to open stream: No such file or directory in C:\Winginx\home\mavimovil\public_html\index.php on line 41
[16-Aug-2019 01:44:55 UTC] PHP Warning:  include(): Failed opening 'plataformas.php' for inclusion (include_path='.;C:\php\pear') in C:\Winginx\home\mavimovil\public_html\index.php on line 41
[16-Aug-2019 01:45:05 UTC] PHP Warning:  include(plataformas.php): failed to open stream: No such file or directory in C:\Winginx\home\mavimovil\public_html\index.php on line 41
[16-Aug-2019 01:45:05 UTC] PHP Warning:  include(): Failed opening 'plataformas.php' for inclusion (include_path='.;C:\php\pear') in C:\Winginx\home\mavimovil\public_html\index.php on line 41
[16-Aug-2019 01:45:05 UTC] PHP Warning:  include(plataformas.php): failed to open stream: No such file or directory in C:\Winginx\home\mavimovil\public_html\index.php on line 41
[16-Aug-2019 01:45:05 UTC] PHP Warning:  include(): Failed opening 'plataformas.php' for inclusion (include_path='.;C:\php\pear') in C:\Winginx\home\mavimovil\public_html\index.php on line 41
[16-Aug-2019 01:46:38 UTC] PHP Warning:  include(plataformas.php): failed to open stream: No such file or directory in C:\Winginx\home\mavimovil\public_html\index.php on line 41
[16-Aug-2019 01:46:38 UTC] PHP Warning:  include(): Failed opening 'plataformas.php' for inclusion (include_path='.;C:\php\pear') in C:\Winginx\home\mavimovil\public_html\index.php on line 41
[16-Aug-2019 01:46:38 UTC] PHP Warning:  include(plataformas.php): failed to open stream: No such file or directory in C:\Winginx\home\mavimovil\public_html\index.php on line 41
[16-Aug-2019 01:46:39 UTC] PHP Warning:  include(): Failed opening 'plataformas.php' for inclusion (include_path='.;C:\php\pear') in C:\Winginx\home\mavimovil\public_html\index.php on line 41
[16-Aug-2019 01:48:02 UTC] PHP Warning:  include(plataformas.php): failed to open stream: No such file or directory in C:\Winginx\home\mavimovil\public_html\index.php on line 41
[16-Aug-2019 01:48:02 UTC] PHP Warning:  include(): Failed opening 'plataformas.php' for inclusion (include_path='.;C:\php\pear') in C:\Winginx\home\mavimovil\public_html\index.php on line 41
[16-Aug-2019 01:48:03 UTC] PHP Warning:  include(plataformas.php): failed to open stream: No such file or directory in C:\Winginx\home\mavimovil\public_html\index.php on line 41
[16-Aug-2019 01:48:03 UTC] PHP Warning:  include(): Failed opening 'plataformas.php' for inclusion (include_path='.;C:\php\pear') in C:\Winginx\home\mavimovil\public_html\index.php on line 41
[16-Aug-2019 01:48:26 UTC] PHP Warning:  include(plataformas.php): failed to open stream: No such file or directory in C:\Winginx\home\mavimovil\public_html\index.php on line 41
[16-Aug-2019 01:48:26 UTC] PHP Warning:  include(): Failed opening 'plataformas.php' for inclusion (include_path='.;C:\php\pear') in C:\Winginx\home\mavimovil\public_html\index.php on line 41
[16-Aug-2019 01:48:26 UTC] PHP Warning:  include(plataformas.php): failed to open stream: No such file or directory in C:\Winginx\home\mavimovil\public_html\index.php on line 41
[16-Aug-2019 01:48:26 UTC] PHP Warning:  include(): Failed opening 'plataformas.php' for inclusion (include_path='.;C:\php\pear') in C:\Winginx\home\mavimovil\public_html\index.php on line 41
[16-Aug-2019 01:49:16 UTC] PHP Warning:  include(plataformas.php): failed to open stream: No such file or directory in C:\Winginx\home\mavimovil\public_html\index.php on line 41
[16-Aug-2019 01:49:16 UTC] PHP Warning:  include(): Failed opening 'plataformas.php' for inclusion (include_path='.;C:\php\pear') in C:\Winginx\home\mavimovil\public_html\index.php on line 41
[16-Aug-2019 01:49:17 UTC] PHP Warning:  include(plataformas.php): failed to open stream: No such file or directory in C:\Winginx\home\mavimovil\public_html\index.php on line 41
[16-Aug-2019 01:49:17 UTC] PHP Warning:  include(): Failed opening 'plataformas.php' for inclusion (include_path='.;C:\php\pear') in C:\Winginx\home\mavimovil\public_html\index.php on line 41
[16-Aug-2019 01:57:43 UTC] PHP Warning:  include(plataformas.php): failed to open stream: No such file or directory in C:\Winginx\home\mavimovil\public_html\index.php on line 41
[16-Aug-2019 01:57:43 UTC] PHP Warning:  include(): Failed opening 'plataformas.php' for inclusion (include_path='.;C:\php\pear') in C:\Winginx\home\mavimovil\public_html\index.php on line 41
[16-Aug-2019 01:57:43 UTC] PHP Warning:  include(plataformas.php): failed to open stream: No such file or directory in C:\Winginx\home\mavimovil\public_html\index.php on line 41
[16-Aug-2019 01:57:43 UTC] PHP Warning:  include(): Failed opening 'plataformas.php' for inclusion (include_path='.;C:\php\pear') in C:\Winginx\home\mavimovil\public_html\index.php on line 41
[16-Aug-2019 01:58:25 UTC] PHP Warning:  include(plataformas.php): failed to open stream: No such file or directory in C:\Winginx\home\mavimovil\public_html\index.php on line 41
[16-Aug-2019 01:58:25 UTC] PHP Warning:  include(): Failed opening 'plataformas.php' for inclusion (include_path='.;C:\php\pear') in C:\Winginx\home\mavimovil\public_html\index.php on line 41
[16-Aug-2019 01:58:26 UTC] PHP Warning:  include(plataformas.php): failed to open stream: No such file or directory in C:\Winginx\home\mavimovil\public_html\index.php on line 41
[16-Aug-2019 01:58:26 UTC] PHP Warning:  include(): Failed opening 'plataformas.php' for inclusion (include_path='.;C:\php\pear') in C:\Winginx\home\mavimovil\public_html\index.php on line 41
[16-Aug-2019 01:58:47 UTC] PHP Warning:  include(plataformas.php): failed to open stream: No such file or directory in C:\Winginx\home\mavimovil\public_html\index.php on line 41
[16-Aug-2019 01:58:47 UTC] PHP Warning:  include(): Failed opening 'plataformas.php' for inclusion (include_path='.;C:\php\pear') in C:\Winginx\home\mavimovil\public_html\index.php on line 41
[16-Aug-2019 01:58:47 UTC] PHP Warning:  include(plataformas.php): failed to open stream: No such file or directory in C:\Winginx\home\mavimovil\public_html\index.php on line 41
[16-Aug-2019 01:58:47 UTC] PHP Warning:  include(): Failed opening 'plataformas.php' for inclusion (include_path='.;C:\php\pear') in C:\Winginx\home\mavimovil\public_html\index.php on line 41
[16-Aug-2019 02:00:08 UTC] PHP Warning:  include(plataformas.php): failed to open stream: No such file or directory in C:\Winginx\home\mavimovil\public_html\index.php on line 41
[16-Aug-2019 02:00:08 UTC] PHP Warning:  include(): Failed opening 'plataformas.php' for inclusion (include_path='.;C:\php\pear') in C:\Winginx\home\mavimovil\public_html\index.php on line 41
[16-Aug-2019 02:00:09 UTC] PHP Warning:  include(plataformas.php): failed to open stream: No such file or directory in C:\Winginx\home\mavimovil\public_html\index.php on line 41
[16-Aug-2019 02:00:09 UTC] PHP Warning:  include(): Failed opening 'plataformas.php' for inclusion (include_path='.;C:\php\pear') in C:\Winginx\home\mavimovil\public_html\index.php on line 41
[16-Aug-2019 02:00:38 UTC] PHP Warning:  include(plataformas.php): failed to open stream: No such file or directory in C:\Winginx\home\mavimovil\public_html\index.php on line 41
[16-Aug-2019 02:00:38 UTC] PHP Warning:  include(): Failed opening 'plataformas.php' for inclusion (include_path='.;C:\php\pear') in C:\Winginx\home\mavimovil\public_html\index.php on line 41
[16-Aug-2019 02:00:39 UTC] PHP Warning:  include(plataformas.php): failed to open stream: No such file or directory in C:\Winginx\home\mavimovil\public_html\index.php on line 41
[16-Aug-2019 02:00:39 UTC] PHP Warning:  include(): Failed opening 'plataformas.php' for inclusion (include_path='.;C:\php\pear') in C:\Winginx\home\mavimovil\public_html\index.php on line 41
[16-Aug-2019 02:01:44 UTC] PHP Warning:  include(plataformas.php): failed to open stream: No such file or directory in C:\Winginx\home\mavimovil\public_html\index.php on line 41
[16-Aug-2019 02:01:44 UTC] PHP Warning:  include(): Failed opening 'plataformas.php' for inclusion (include_path='.;C:\php\pear') in C:\Winginx\home\mavimovil\public_html\index.php on line 41
[16-Aug-2019 02:01:44 UTC] PHP Warning:  include(plataformas.php): failed to open stream: No such file or directory in C:\Winginx\home\mavimovil\public_html\index.php on line 41
[16-Aug-2019 02:01:44 UTC] PHP Warning:  include(): Failed opening 'plataformas.php' for inclusion (include_path='.;C:\php\pear') in C:\Winginx\home\mavimovil\public_html\index.php on line 41
